Arguments: 
  /Users/danielsteman/.nvm/versions/node/v18.18.0/bin/node /opt/homebrew/Cellar/yarn/1.22.19/libexec/bin/yarn.js init

PATH: 
  /Users/danielsteman/Library/Caches/pypoetry/virtualenvs/analytical-products-jn_qdQwI-py3.11/bin:/Users/danielsteman/.local/bin:/Users/danielsteman/.nvm/versions/node/v18.18.0/bin:/opt/homebrew/bin:/opt/homebrew/sbin:/usr/local/bin:/System/Cryptexes/App/usr/bin:/usr/bin:/bin:/usr/sbin:/sbin:/Library/Apple/usr/bin:/Users/danielsteman/.local/bin:/Users/danielsteman/.nvm/versions/node/v18.18.0/bin:/opt/homebrew/bin:/opt/homebrew/sbin:/Users/danielsteman/.cargo/bin:/Users/danielsteman/.vscode/extensions/databricks.databricks-1.2.4-darwin-arm64/bin

Yarn version: 
  1.22.19

Node version: 
  18.18.0

Platform: 
  darwin arm64

Trace: 
  Error: canceled
      at Interface.<anonymous> (/opt/homebrew/Cellar/yarn/1.22.19/libexec/lib/cli.js:137150:13)
      at Interface.emit (node:events:517:28)
      at [_ttyWrite] [as _ttyWrite] (node:internal/readline/interface:1132:18)
      at ReadStream.onkeypress (node:internal/readline/interface:271:20)
      at ReadStream.emit (node:events:517:28)
      at emitKeys (node:internal/readline/utils:357:14)
      at emitKeys.next (<anonymous>)
      at ReadStream.onData (node:internal/readline/emitKeypressEvents:64:36)
      at ReadStream.emit (node:events:517:28)
      at addChunk (node:internal/streams/readable:335:12)

npm manifest: 
  No manifest

yarn manifest: 
  No manifest

Lockfile: 
  No lockfile
